# JRE version: OpenJDK Runtime Environment (7.0_65-b32) (build 1.7.0_65-b32)
# Java VM: OpenJDK Server VM (24.65-b04 mixed mode linux-x86 )
Heap
 PSYoungGen      total 8960K, used 5544K [0xa8800000, 0xa9200000, 0xb32c0000)
  eden space 7680K, 55% used [0xa8800000,0xa8c2aee0,0xa8f80000)
  from space 1280K, 99% used [0xa90c0000,0xa91ff188,0xa9200000)
  to   space 1280K, 0% used [0xa8f80000,0xa8f80000,0xa90c0000)
 ParOldGen       total 19968K, used 2202K [0x932c0000, 0x94640000, 0xa8800000)
  object space 19968K, 11% used [0x932c0000,0x934e6bd8,0x94640000)
 PSPermGen       total 16384K, used 10507K [0x8b2c0000, 0x8c2c0000, 0x932c0000)
  object space 16384K, 64% used [0x8b2c0000,0x8bd02eb0,0x8c2c0000)
GC Heap History (4 events):
Event: 6.510 GC heap before
{Heap before GC invocations=1 (full 0):
 PSYoungGen      total 8960K, used 7680K [0xa8800000, 0xa9200000, 0xb32c0000)
  eden space 7680K, 100% used [0xa8800000,0xa8f80000,0xa8f80000)
  from space 1280K, 0% used [0xa90c0000,0xa90c0000,0xa9200000)
  to   space 1280K, 0% used [0xa8f80000,0xa8f80000,0xa90c0000)
 ParOldGen       total 19968K, used 0K [0x932c0000, 0x94640000, 0xa8800000)
  object space 19968K, 0% used [0x932c0000,0x932c0000,0x94640000)
 PSPermGen       total 16384K, used 10203K [0x8b2c0000, 0x8c2c0000, 0x932c0000)
  object space 16384K, 62% used [0x8b2c0000,0x8bcb6d60,0x8c2c0000)
Event: 6.520 GC heap after
Heap after GC invocations=1 (full 0):
 PSYoungGen      total 8960K, used 1265K [0xa8800000, 0xa9200000, 0xb32c0000)
  eden space 7680K, 0% used [0xa8800000,0xa8800000,0xa8f80000)
  from space 1280K, 98% used [0xa8f80000,0xa90bc468,0xa90c0000)
  to   space 1280K, 0% used [0xa90c0000,0xa90c0000,0xa9200000)
 ParOldGen       total 19968K, used 857K [0x932c0000, 0x94640000, 0xa8800000)
  object space 19968K, 4% used [0x932c0000,0x93396618,0x94640000)
 PSPermGen       total 16384K, used 10203K [0x8b2c0000, 0x8c2c0000, 0x932c0000)
  object space 16384K, 62% used [0x8b2c0000,0x8bcb6d60,0x8c2c0000)
}
Event: 10.782 GC heap before
{Heap before GC invocations=2 (full 0):
 PSYoungGen      total 8960K, used 8945K [0xa8800000, 0xa9200000, 0xb32c0000)
  eden space 7680K, 100% used [0xa8800000,0xa8f80000,0xa8f80000)
  from space 1280K, 98% used [0xa8f80000,0xa90bc468,0xa90c0000)
  to   space 1280K, 0% used [0xa90c0000,0xa90c0000,0xa9200000)
 ParOldGen       total 19968K, used 857K [0x932c0000, 0x94640000, 0xa8800000)
  object space 19968K, 4% used [0x932c0000,0x93396618,0x94640000)
 PSPermGen       total 16384K, used 10362K [0x8b2c0000, 0x8c2c0000, 0x932c0000)
  object space 16384K, 63% used [0x8b2c0000,0x8bcde938,0x8c2c0000)
Event: 10.789 GC heap after
Heap after GC invocations=2 (full 0):
 PSYoungGen      total 8960K, used 1276K [0xa8800000, 0xa9200000, 0xb32c0000)
  eden space 7680K, 0% used [0xa8800000,0xa8800000,0xa8f80000)
  from space 1280K, 99% used [0xa90c0000,0xa91ff188,0xa9200000)
  to   space 1280K, 0% used [0xa8f80000,0xa8f80000,0xa90c0000)
 ParOldGen       total 19968K, used 2202K [0x932c0000, 0x94640000, 0xa8800000)
  object space 19968K, 11% used [0x932c0000,0x934e6bd8,0x94640000)
 PSPermGen       total 16384K, used 10362K [0x8b2c0000, 0x8c2c0000, 0x932c0000)
  object space 16384K, 63% used [0x8b2c0000,0x8bcde938,0x8c2c0000)
}

